<?xml version="1.0" encoding="UTF-8"?>
<!-- Generated by org.testng.reporters.JUnitXMLReporter -->
<testsuite ignored="0" hostname="LAPTOP-H7LSMR7L" failures="1" tests="40" name="TestFirefox" time="165.936" errors="0" timestamp="2024-02-08T18:57:41 IST">
  <testcase classname="com.swaglabs.test.CheckOutStep1Test" name="AddSpecCharOrAlphabetsIntoZipCode" time="11.879">
    <failure type="org.openqa.selenium.NoSuchElementException" message="no such element: Unable to locate element: {&amp;quot;method&amp;quot;:&amp;quot;xpath&amp;quot;,&amp;quot;selector&amp;quot;:&amp;quot;//*[@id=&amp;quot;checkout_info_container&amp;quot;]/div/form/div[1]/div[4]/h3&amp;quot;}
  (Session info: chrome=121.0.6167.161)
For documentation on this error, please visit: https://www.selenium.dev/documentation/webdriver/troubleshooting/errors#no-such-element-exception
Build info: version: &amp;apos;4.17.0&amp;apos;, revision: &amp;apos;e52b1be057*&amp;apos;
System info: os.name: &amp;apos;Windows 11&amp;apos;, os.arch: &amp;apos;amd64&amp;apos;, os.version: &amp;apos;10.0&amp;apos;, java.version: &amp;apos;17.0.8.1&amp;apos;
Driver info: org.openqa.selenium.chrome.ChromeDriver
Command: [1e135037cb9caa062de2dbb977458050, findElement {using=xpath, value=//*[@id=&amp;quot;checkout_info_container&amp;quot;]/div/form/div[1]/div[4]/h3}]
Capabilities {acceptInsecureCerts: false, browserName: chrome, browserVersion: 121.0.6167.161, chrome: {chromedriverVersion: 121.0.6167.85 (3f98d690ad7e..., userDataDir: C:\Users\prati\AppData\Loca...}, fedcm:accounts: true, goog:chromeOptions: {debuggerAddress: localhost:57406}, networkConnectionEnabled: false, pageLoadStrategy: normal, platformName: windows, proxy: Proxy(), se:cdp: ws://localhost:57406/devtoo..., se:cdpVersion: 121.0.6167.161, setWindowRect: true, strictFileInteractability: false, timeouts: {implicit: 0, pageLoad: 300000, script: 30000}, unhandledPromptBehavior: dismiss and notify, webauthn:extension:credBlob: true, webauthn:extension:largeBlob: true, webauthn:extension:minPinLength: true, webauthn:extension:prf: true, webauthn:virtualAuthenticators: true}
Session ID: 1e135037cb9caa062de2dbb977458050">
      <![CDATA[org.openqa.selenium.NoSuchElementException: no such element: Unable to locate element: {"method":"xpath","selector":"//*[@id="checkout_info_container"]/div/form/div[1]/div[4]/h3"}
  (Session info: chrome=121.0.6167.161)
For documentation on this error, please visit: https://www.selenium.dev/documentation/webdriver/troubleshooting/errors#no-such-element-exception
Build info: version: '4.17.0', revision: 'e52b1be057*'
System info: os.name: 'Windows 11', os.arch: 'amd64', os.version: '10.0', java.version: '17.0.8.1'
Driver info: org.openqa.selenium.chrome.ChromeDriver
Command: [1e135037cb9caa062de2dbb977458050, findElement {using=xpath, value=//*[@id="checkout_info_container"]/div/form/div[1]/div[4]/h3}]
Capabilities {acceptInsecureCerts: false, browserName: chrome, browserVersion: 121.0.6167.161, chrome: {chromedriverVersion: 121.0.6167.85 (3f98d690ad7e..., userDataDir: C:\Users\prati\AppData\Loca...}, fedcm:accounts: true, goog:chromeOptions: {debuggerAddress: localhost:57406}, networkConnectionEnabled: false, pageLoadStrategy: normal, platformName: windows, proxy: Proxy(), se:cdp: ws://localhost:57406/devtoo..., se:cdpVersion: 121.0.6167.161, setWindowRect: true, strictFileInteractability: false, timeouts: {implicit: 0, pageLoad: 300000, script: 30000}, unhandledPromptBehavior: dismiss and notify, webauthn:extension:credBlob: true, webauthn:extension:largeBlob: true, webauthn:extension:minPinLength: true, webauthn:extension:prf: true, webauthn:virtualAuthenticators: true}
Session ID: 1e135037cb9caa062de2dbb977458050
at org.openqa.selenium.remote.codec.w3c.W3CHttpResponseCodec.createException(W3CHttpResponseCodec.java:185)
at org.openqa.selenium.remote.codec.w3c.W3CHttpResponseCodec.decode(W3CHttpResponseCodec.java:134)
at org.openqa.selenium.remote.codec.w3c.W3CHttpResponseCodec.decode(W3CHttpResponseCodec.java:51)
at org.openqa.selenium.remote.HttpCommandExecutor.execute(HttpCommandExecutor.java:190)
at org.openqa.selenium.remote.service.DriverCommandExecutor.invokeExecute(DriverCommandExecutor.java:216)
at org.openqa.selenium.remote.service.DriverCommandExecutor.execute(DriverCommandExecutor.java:174)
at org.openqa.selenium.remote.RemoteWebDriver.execute(RemoteWebDriver.java:519)
at org.openqa.selenium.remote.ElementLocation$ElementFinder$2.findElement(ElementLocation.java:165)
at org.openqa.selenium.remote.ElementLocation.findElement(ElementLocation.java:59)
at org.openqa.selenium.remote.RemoteWebDriver.findElement(RemoteWebDriver.java:356)
at org.openqa.selenium.remote.RemoteWebDriver.findElement(RemoteWebDriver.java:350)
at com.swaglabs.pages.CheckoutPageStep1.errorMsg(CheckoutPageStep1.java:87)
at com.swaglabs.test.CheckOutStep1Test.AddSpecCharOrAlphabetsIntoZipCode(CheckOutStep1Test.java:100)
at java.base/java.util.ArrayList.forEach(ArrayList.java:1511)
at java.base/java.util.concurrent.FutureTask.run(FutureTask.java:264)
at java.base/java.util.concurrent.ThreadPoolExecutor.runWorker(ThreadPoolExecutor.java:1136)
at java.base/java.util.concurrent.ThreadPoolExecutor$Worker.run(ThreadPoolExecutor.java:635)
at java.base/java.lang.Thread.run(Thread.java:833)
... Removed 23 stack frames]]>
    </failure>
  </testcase> <!-- AddSpecCharOrAlphabetsIntoZipCode -->
  <testcase classname="com.swaglabs.test.productPageTest" name="AddToCartbackpack" time="3.655"/>
  <testcase classname="com.swaglabs.test.CheckOutStep1Test" name="ClickOnCancelBtn" time="1.648"/>
  <testcase classname="com.swaglabs.test.CheckOutStep1Test" name="EnterValidData" time="1.723"/>
  <testcase classname="com.swaglabs.test.productPageTest" name="ProdDetailsOnProdPage" time="2.458"/>
  <testcase classname="com.swaglabs.test.productPageTest" name="Removefromthecart" time="12.52"/>
  <testcase classname="com.swaglabs.test.CheckOutStep2Test" name="VerifyCancelPayment" time="1.928"/>
  <testcase classname="com.swaglabs.test.InventoryTest" name="VerifyDdPriceLowToHigh" time="1.604"/>
  <testcase classname="com.swaglabs.test.CheckOutStep2Test" name="VerifyFinishPayment" time="1.829"/>
  <testcase classname="com.swaglabs.test.CheckOutStep2Test" name="VerifyProdDetails" time="1.847"/>
  <testcase classname="com.swaglabs.test.CartTest" name="VerifyProdDetailsOnCartPage" time="1.495"/>
  <testcase classname="com.swaglabs.test.CheckOutFinalTest" name="VerifyThankUAndOrderMsg" time="1.98"/>
  <testcase classname="com.swaglabs.test.CheckOutStep2Test" name="VerifyTotalAmount" time="6.781"/>
  <testcase classname="com.swaglabs.test.InventoryTest" name="VerifydropdownAtoZ" time="2.658"/>
  <testcase classname="com.swaglabs.test.CheckOutFinalTest" name="clickOnBackHome" time="2.999"/>
  <testcase classname="com.swaglabs.test.InventoryTest" name="clickOnCartLogo" time="1.352"/>
  <testcase classname="com.swaglabs.test.CartTest" name="clickOnCheckOut" time="2.533"/>
  <testcase classname="com.swaglabs.test.CheckOutStep1Test" name="clickOnContinue" time="1.818"/>
  <testcase classname="com.swaglabs.test.CartTest" name="clickOnContinueShopping" time="2.564"/>
  <testcase classname="com.swaglabs.test.CartTest" name="clickOnRemove" time="1.533"/>
  <testcase classname="com.swaglabs.test.InventoryTest" name="clickOnRemoveBtn" time="11.478"/>
  <testcase classname="com.swaglabs.test.InventoryTest" name="clickOnburgerMenu" time="1.396"/>
  <testcase classname="com.swaglabs.test.InventoryTest" name="clikOnProductTitle" time="2.56"/>
  <testcase classname="com.swaglabs.test.CheckOutStep1Test" name="keepFNblank" time="1.677"/>
  <testcase classname="com.swaglabs.test.CheckOutStep1Test" name="keepLNblank" time="1.755"/>
  <testcase classname="com.swaglabs.test.CheckOutStep1Test" name="keepZipCodeblank" time="1.773"/>
  <testcase classname="com.swaglabs.test.InventoryTest" name="selectName_zTOA_fromDD" time="1.586"/>
  <testcase classname="com.swaglabs.test.InventoryTest" name="testbagpackAddToCart" time="2.986"/>
  <testcase classname="com.swaglabs.test.InventoryTest" name="verifySauceLabsBackpackTitle" time="1.529"/>
  <testcase classname="com.swaglabs.test.loginTest" name="valuNamePass" time="1.503"/>
  <testcase classname="com.swaglabs.test.loginTest" name="valuNamePass" time="6.543"/>
  <testcase classname="com.swaglabs.test.loginTest" name="valuNamePass" time="1.461"/>
  <testcase classname="com.swaglabs.test.loginTest" name="valuNamePass" time="1.492"/>
  <testcase classname="com.swaglabs.test.loginTest" name="valuNamePass" time="1.423"/>
  <testcase classname="com.swaglabs.test.loginTest" name="blankUnamePass" time="1.332"/>
  <testcase classname="com.swaglabs.test.loginTest" name="invaliduName" time="1.326"/>
  <testcase classname="com.swaglabs.test.loginTest" name="invalidPass" time="1.345"/>
  <testcase classname="com.swaglabs.test.loginTest" name="blnkUnameValidPass" time="1.343"/>
  <testcase classname="com.swaglabs.test.loginTest" name="validunameablankpass" time="1.342"/>
  <testcase classname="com.swaglabs.test.loginTest" name="lockedOutUser" time="1.371"/>
</testsuite> <!-- TestFirefox -->
